Added Component: Designator=C13(C0603)
Add component. Clean all parameters for all variants
Added Component: Designator=C14(C0603)
Add component. Clean all parameters for all variants
Added Component: Designator=C15(C0603)
Add component. Clean all parameters for all variants
Added Component: Designator=C16(C0603)
Add component. Clean all parameters for all variants
Added Component: Designator=C17(C0603)
Add component. Clean all parameters for all variants
Added Component: Designator=C18(C0603)
Add component. Clean all parameters for all variants
Added Component: Designator=C19(C0603)
Add component. Clean all parameters for all variants
Added Component: Designator=C20(C0603)
Add component. Clean all parameters for all variants
Added Component: Designator=C21(C0603)
Add component. Clean all parameters for all variants
Added Component: Designator=C22(C0603)
Add component. Clean all parameters for all variants
Added Component: Designator=C23(C0603)
Add component. Clean all parameters for all variants
Added Component: Designator=C24(EC2.5-6.3)
Add component. Clean all parameters for all variants
Added Component: Designator=C25(C0603)
Add component. Clean all parameters for all variants
Added Component: Designator=C26(C0603)
Add component. Clean all parameters for all variants
Added Component: Designator=C27(C0603)
Add component. Clean all parameters for all variants
Added Component: Designator=C28(C0603)
Add component. Clean all parameters for all variants
Added Component: Designator=C29(C0603)
Add component. Clean all parameters for all variants
Added Component: Designator=C30(C0603)
Add component. Clean all parameters for all variants
Added Component: Designator=C31(C0603)
Add component. Clean all parameters for all variants
Added Component: Designator=C32(C0603)
Add component. Clean all parameters for all variants
Added Component: Designator=C33(C0603)
Add component. Clean all parameters for all variants
Added Component: Designator=C34(C0603)
Add component. Clean all parameters for all variants
Added Component: Designator=C35(C0603)
Add component. Clean all parameters for all variants
Added Component: Designator=C36(C0603)
Add component. Clean all parameters for all variants
Added Component: Designator=C37(C0603)
Add component. Clean all parameters for all variants
Added Component: Designator=C38(C0603)
Add component. Clean all parameters for all variants
Added Component: Designator=C39(C0603)
Add component. Clean all parameters for all variants
Added Component: Designator=C40(EC2.5-6.3)
Add component. Clean all parameters for all variants
Added Component: Designator=C41(C0603)
Add component. Clean all parameters for all variants
Added Component: Designator=C42(C0603)
Add component. Clean all parameters for all variants
Added Component: Designator=E1(新F天线)
Add component. Clean all parameters for all variants
Added Component: Designator=J1(CON-3X2.54)
Add component. Clean all parameters for all variants
Added Component: Designator=J2(CON-3X2.54)
Add component. Clean all parameters for all variants
Added Component: Designator=J3(CON-2X2.54)
Add component. Clean all parameters for all variants
Added Component: Designator=J4(CON-2X2.54)
Add component. Clean all parameters for all variants
Added Component: Designator=K1(KEY)
Add component. Clean all parameters for all variants
Added Component: Designator=K2(KEY)
Add component. Clean all parameters for all variants
Added Component: Designator=K3(KEY)
Add component. Clean all parameters for all variants
Added Component: Designator=K4(KEY)
Add component. Clean all parameters for all variants
Added Component: Designator=K5(KEY)
Add component. Clean all parameters for all variants
Added Component: Designator=K6(KEY)
Add component. Clean all parameters for all variants
Added Component: Designator=L2(L0603)
Add component. Clean all parameters for all variants
Added Component: Designator=L3(R1206)
Add component. Clean all parameters for all variants
Added Component: Designator=L4(R1206)
Add component. Clean all parameters for all variants
Added Component: Designator=L5(R1206)
Add component. Clean all parameters for all variants
Added Component: Designator=L6(R1206)
Add component. Clean all parameters for all variants
Added Component: Designator=P4(FFC-P20-1MM)
Add component. Clean all parameters for all variants
Added Component: Designator=Q1(SOT23)
Add component. Clean all parameters for all variants
Added Component: Designator=R15(R0805)
Add component. Clean all parameters for all variants
Added Component: Designator=R16(R0603)
Add component. Clean all parameters for all variants
Added Component: Designator=R17(R0603)
Add component. Clean all parameters for all variants
Added Component: Designator=R18(R0603)
Add component. Clean all parameters for all variants
Added Component: Designator=R19(R0603)
Add component. Clean all parameters for all variants
Added Component: Designator=R20(R0603)
Add component. Clean all parameters for all variants
Added Component: Designator=R21(R0603)
Add component. Clean all parameters for all variants
Added Component: Designator=R22(R0603)
Add component. Clean all parameters for all variants
Added Component: Designator=R23(R0603)
Add component. Clean all parameters for all variants
Added Component: Designator=R24(R0603)
Add component. Clean all parameters for all variants
Added Component: Designator=R25(R0603)
Add component. Clean all parameters for all variants
Added Component: Designator=R26(R0603)
Add component. Clean all parameters for all variants
Added Component: Designator=R27(R0603)
Add component. Clean all parameters for all variants
Added Component: Designator=R28(R0603)
Add component. Clean all parameters for all variants
Added Component: Designator=R29(R0603)
Add component. Clean all parameters for all variants
Added Component: Designator=R30(R0603)
Add component. Clean all parameters for all variants
Added Component: Designator=R31(R0603)
Add component. Clean all parameters for all variants
Added Component: Designator=R32(R0603)
Add component. Clean all parameters for all variants
Added Component: Designator=R33(R0603)
Add component. Clean all parameters for all variants
Added Component: Designator=R34(R0603)
Add component. Clean all parameters for all variants
Added Component: Designator=R35(R0603)
Add component. Clean all parameters for all variants
Added Component: Designator=R36(R0603)
Add component. Clean all parameters for all variants
Added Component: Designator=S1(BMQ+PUSH)
Add component. Clean all parameters for all variants
Added Component: Designator=U5(LQFP48)
Add component. Clean all parameters for all variants
Added Component: Designator=U6(SOP16-EP)
Add component. Clean all parameters for all variants
Added Component: Designator=USB1(USBDIP)
Add component. Clean all parameters for all variants
Added Component: Designator=Y1(JZ)
Add component. Clean all parameters for all variants
Added Pin To Net: NetName=GND Pin=C16-1
Added Pin To Net: NetName=GND Pin=C17-1
Added Pin To Net: NetName=GND Pin=C18-1
Added Pin To Net: NetName=GND Pin=C19-1
Added Pin To Net: NetName=GND Pin=C21-2
Added Pin To Net: NetName=GND Pin=E1-2
Added Pin To Net: NetName=GND Pin=E1-2
Added Pin To Net: NetName=GND Pin=E1-2
Added Pin To Net: NetName=GND Pin=J1-3
Added Pin To Net: NetName=GND Pin=J2-2
Added Pin To Net: NetName=GND Pin=K1-2
Added Pin To Net: NetName=GND Pin=K1-2
Added Pin To Net: NetName=GND Pin=K2-2
Added Pin To Net: NetName=GND Pin=K2-2
Added Pin To Net: NetName=GND Pin=K3-2
Added Pin To Net: NetName=GND Pin=K3-2
Added Pin To Net: NetName=GND Pin=K4-2
Added Pin To Net: NetName=GND Pin=K4-2
Added Pin To Net: NetName=GND Pin=K5-2
Added Pin To Net: NetName=GND Pin=K5-2
Added Pin To Net: NetName=GND Pin=K6-2
Added Pin To Net: NetName=GND Pin=K6-2
Added Pin To Net: NetName=GND Pin=L2-1
Added Pin To Net: NetName=GND Pin=P4-3
Added Pin To Net: NetName=GND Pin=Q1-2
Added Pin To Net: NetName=GND Pin=R17-1
Added Pin To Net: NetName=3.3V Pin=R27-1
Added Pin To Net: NetName=3.3V Pin=R28-2
Added Pin To Net: NetName=GND Pin=R30-2
Added Pin To Net: NetName=GND Pin=R32-2
Added Pin To Net: NetName=GND Pin=S1-2
Added Pin To Net: NetName=GND Pin=S1-5
Added Pin To Net: NetName=GND Pin=S1-6
Added Pin To Net: NetName=GND Pin=S1-7
Added Pin To Net: NetName=GND Pin=U5-13
Added Pin To Net: NetName=GND Pin=USB1-1
Added Pin To Net: NetName=GND Pin=USB1-5
Added Pin To Net: NetName=GND Pin=USB1-6
Added Pin To Net: NetName=GND Pin=Y1-3
Added Pin To Net: NetName=GND Pin=Y1-4
Added Pin To Net: NetName=+3.3V Pin=C17-2
Added Pin To Net: NetName=+3.3V Pin=J2-3
Added Pin To Net: NetName=+3.3V Pin=R16-2
Added Pin To Net: NetName=+3.3V Pin=R18-2
Added Pin To Net: NetName=+3.3V Pin=U5-3
Added Net: Name=+3.3V
Added Pin To Net: NetName=/CS Pin=U5-16
Added Net: Name=/CS
Added Pin To Net: NetName=/RSTB Pin=U5-17
Added Net: Name=/RSTB
Added Pin To Net: NetName=AD_KEY Pin=C21-1
Added Pin To Net: NetName=AD_KEY Pin=K1-1
Added Pin To Net: NetName=AD_KEY Pin=K1-1
Added Pin To Net: NetName=AD_KEY Pin=R18-1
Added Pin To Net: NetName=AD_KEY Pin=R19-1
Added Pin To Net: NetName=AD_KEY Pin=R20-1
Added Pin To Net: NetName=AD_KEY Pin=R21-1
Added Pin To Net: NetName=AD_KEY Pin=R22-1
Added Pin To Net: NetName=AD_KEY Pin=R23-1
Added Pin To Net: NetName=AD_KEY Pin=R24-1
Added Pin To Net: NetName=AD_KEY Pin=U5-22
Added Net: Name=AD_KEY
Added Pin To Net: NetName=AGND Pin=C13-2
Added Pin To Net: NetName=AGND Pin=C14-2
Added Pin To Net: NetName=AGND Pin=C15-1
Added Pin To Net: NetName=AGND Pin=C22-2
Added Pin To Net: NetName=AGND Pin=C23-2
Added Pin To Net: NetName=AGND Pin=C24-2
Added Pin To Net: NetName=AGND Pin=C26-2
Added Pin To Net: NetName=AGND Pin=C31-2
Added Pin To Net: NetName=AGND Pin=C32-2
Added Pin To Net: NetName=AGND Pin=C35-2
Added Pin To Net: NetName=AGND Pin=C39-2
Added Pin To Net: NetName=AGND Pin=C40-2
Added Pin To Net: NetName=AGND Pin=C41-2
Added Pin To Net: NetName=AGND Pin=C42-2
Added Pin To Net: NetName=AGND Pin=R17-2
Added Pin To Net: NetName=AGND Pin=R34-2
Added Pin To Net: NetName=AGND Pin=R35-2
Added Pin To Net: NetName=AGND Pin=U5-36
Added Net: Name=AGND
Added Pin To Net: NetName=BL_LIGHT Pin=R29-1
Added Pin To Net: NetName=BL_LIGHT Pin=U5-21
Added Net: Name=BL_LIGHT
Added Pin To Net: NetName=BT_ANT Pin=C20-1
Added Pin To Net: NetName=BT_ANT Pin=E1-1
Added Pin To Net: NetName=BT_ANT Pin=E1-1
Added Net: Name=BT_ANT
Added Pin To Net: NetName=BT_RF Pin=C20-2
Added Pin To Net: NetName=BT_RF Pin=L2-2
Added Pin To Net: NetName=BT_RF Pin=U5-12
Added Net: Name=BT_RF
Added Pin To Net: NetName=BTAVDD Pin=C19-2
Added Pin To Net: NetName=BTAVDD Pin=U5-11
Added Net: Name=BTAVDD
Added Pin To Net: NetName=CTRL Pin=R31-1
Added Pin To Net: NetName=CTRL Pin=R32-1
Added Pin To Net: NetName=CTRL Pin=U6-10
Added Net: Name=CTRL
Added Pin To Net: NetName=DACL Pin=R36-2
Added Pin To Net: NetName=DACL Pin=U5-39
Added Net: Name=DACL
Added Pin To Net: NetName=DACR Pin=R33-2
Added Pin To Net: NetName=DACR Pin=U5-40
Added Net: Name=DACR
Added Pin To Net: NetName=DACVDD Pin=C13-1
Added Pin To Net: NetName=DACVDD Pin=U5-38
Added Net: Name=DACVDD
Added Pin To Net: NetName=DB0 Pin=U5-25
Added Net: Name=DB0
Added Pin To Net: NetName=DB1 Pin=U5-26
Added Net: Name=DB1
Added Pin To Net: NetName=DB2 Pin=U5-27
Added Net: Name=DB2
Added Pin To Net: NetName=DB3 Pin=U5-28
Added Net: Name=DB3
Added Pin To Net: NetName=DB4 Pin=U5-29
Added Net: Name=DB4
Added Pin To Net: NetName=DB5 Pin=U5-30
Added Net: Name=DB5
Added Pin To Net: NetName=DB6 Pin=U5-31
Added Net: Name=DB6
Added Pin To Net: NetName=DB7 Pin=U5-32
Added Net: Name=DB7
Added Pin To Net: NetName=HPVDD Pin=C15-2
Added Pin To Net: NetName=HPVDD Pin=R16-1
Added Pin To Net: NetName=HPVDD Pin=U5-35
Added Net: Name=HPVDD
Added Pin To Net: NetName=IRDA Pin=R26-1
Added Pin To Net: NetName=IRDA Pin=U5-8
Added Net: Name=IRDA
Added Pin To Net: NetName=LED Pin=J1-2
Added Pin To Net: NetName=LED Pin=U5-9
Added Net: Name=LED
Added Pin To Net: NetName=MUTE Pin=R31-2
Added Pin To Net: NetName=MUTE Pin=U5-7
Added Net: Name=MUTE
Added Pin To Net: NetName=NetC25_1 Pin=C25-1
Added Pin To Net: NetName=NetC25_1 Pin=L3-2
Added Pin To Net: NetName=NetC25_1 Pin=U6-2
Added Net: Name=NetC25_1
Added Pin To Net: NetName=NetC25_2 Pin=C25-2
Added Pin To Net: NetName=NetC25_2 Pin=U6-1
Added Net: Name=NetC25_2
Added Pin To Net: NetName=NetC26_1 Pin=C26-1
Added Pin To Net: NetName=NetC26_1 Pin=C28-2
Added Pin To Net: NetName=NetC26_1 Pin=J3-1
Added Pin To Net: NetName=NetC26_1 Pin=L3-1
Added Net: Name=NetC26_1
Added Pin To Net: NetName=NetC27_1 Pin=C27-1
Added Pin To Net: NetName=NetC27_1 Pin=U6-15
Added Net: Name=NetC27_1
Added Pin To Net: NetName=NetC27_2 Pin=C27-2
Added Pin To Net: NetName=NetC27_2 Pin=R33-1
Added Net: Name=NetC27_2
Added Pin To Net: NetName=NetC28_1 Pin=C28-1
Added Pin To Net: NetName=NetC28_1 Pin=C31-1
Added Pin To Net: NetName=NetC28_1 Pin=J3-2
Added Pin To Net: NetName=NetC28_1 Pin=L4-1
Added Net: Name=NetC28_1
Added Pin To Net: NetName=NetC29_1 Pin=C29-1
Added Pin To Net: NetName=NetC29_1 Pin=L4-2
Added Pin To Net: NetName=NetC29_1 Pin=U6-4
Added Net: Name=NetC29_1
Added Pin To Net: NetName=NetC29_2 Pin=C29-2
Added Pin To Net: NetName=NetC29_2 Pin=U6-3
Added Net: Name=NetC29_2
Added Pin To Net: NetName=NetC30_1 Pin=C30-1
Added Pin To Net: NetName=NetC30_1 Pin=U6-14
Added Net: Name=NetC30_1
Added Pin To Net: NetName=NetC30_2 Pin=C30-2
Added Pin To Net: NetName=NetC30_2 Pin=R34-1
Added Net: Name=NetC30_2
Added Pin To Net: NetName=NetC32_1 Pin=C32-1
Added Pin To Net: NetName=NetC32_1 Pin=U6-13
Added Net: Name=NetC32_1
Added Pin To Net: NetName=NetC33_1 Pin=C33-1
Added Pin To Net: NetName=NetC33_1 Pin=U6-12
Added Net: Name=NetC33_1
Added Pin To Net: NetName=NetC33_2 Pin=C33-2
Added Pin To Net: NetName=NetC33_2 Pin=R35-1
Added Net: Name=NetC33_2
Added Pin To Net: NetName=NetC34_1 Pin=C34-1
Added Pin To Net: NetName=NetC34_1 Pin=L5-2
Added Pin To Net: NetName=NetC34_1 Pin=U6-5
Added Net: Name=NetC34_1
Added Pin To Net: NetName=NetC34_2 Pin=C34-2
Added Pin To Net: NetName=NetC34_2 Pin=U6-6
Added Net: Name=NetC34_2
Added Pin To Net: NetName=NetC35_1 Pin=C35-1
Added Pin To Net: NetName=NetC35_1 Pin=C36-2
Added Pin To Net: NetName=NetC35_1 Pin=J4-1
Added Pin To Net: NetName=NetC35_1 Pin=L5-1
Added Net: Name=NetC35_1
Added Pin To Net: NetName=NetC36_1 Pin=C36-1
Added Pin To Net: NetName=NetC36_1 Pin=C39-1
Added Pin To Net: NetName=NetC36_1 Pin=J4-2
Added Pin To Net: NetName=NetC36_1 Pin=L6-1
Added Net: Name=NetC36_1
Added Pin To Net: NetName=NetC37_1 Pin=C37-1
Added Pin To Net: NetName=NetC37_1 Pin=U6-11
Added Net: Name=NetC37_1
Added Pin To Net: NetName=NetC37_2 Pin=C37-2
Added Pin To Net: NetName=NetC37_2 Pin=R36-1
Added Net: Name=NetC37_2
Added Pin To Net: NetName=NetC38_1 Pin=C38-1
Added Pin To Net: NetName=NetC38_1 Pin=L6-2
Added Pin To Net: NetName=NetC38_1 Pin=U6-7
Added Net: Name=NetC38_1
Added Pin To Net: NetName=NetC38_2 Pin=C38-2
Added Pin To Net: NetName=NetC38_2 Pin=U6-8
Added Net: Name=NetC38_2
Added Pin To Net: NetName=NetJ2_1 Pin=J2-1
Added Pin To Net: NetName=NetJ2_1 Pin=R26-2
Added Net: Name=NetJ2_1
Added Pin To Net: NetName=NetK2_1 Pin=K2-1
Added Pin To Net: NetName=NetK2_1 Pin=K2-1
Added Pin To Net: NetName=NetK2_1 Pin=R19-2
Added Net: Name=NetK2_1
Added Pin To Net: NetName=NetK3_1 Pin=K3-1
Added Pin To Net: NetName=NetK3_1 Pin=K3-1
Added Pin To Net: NetName=NetK3_1 Pin=R20-2
Added Net: Name=NetK3_1
Added Pin To Net: NetName=NetK4_1 Pin=K4-1
Added Pin To Net: NetName=NetK4_1 Pin=K4-1
Added Pin To Net: NetName=NetK4_1 Pin=R21-2
Added Net: Name=NetK4_1
Added Pin To Net: NetName=NetK5_1 Pin=K5-1
Added Pin To Net: NetName=NetK5_1 Pin=K5-1
Added Pin To Net: NetName=NetK5_1 Pin=R23-2
Added Net: Name=NetK5_1
Added Pin To Net: NetName=NetK6_1 Pin=K6-1
Added Pin To Net: NetName=NetK6_1 Pin=K6-1
Added Pin To Net: NetName=NetK6_1 Pin=R24-2
Added Net: Name=NetK6_1
Added Pin To Net: NetName=NetP4_1 Pin=P4-1
Added Pin To Net: NetName=NetP4_1 Pin=Q1-3
Added Net: Name=NetP4_1
Added Pin To Net: NetName=NetP4_2 Pin=P4-2
Added Pin To Net: NetName=NetP4_2 Pin=R27-2
Added Net: Name=NetP4_2
Added Pin To Net: NetName=NetP4_5 Pin=P4-5
Added Pin To Net: NetName=NetP4_5 Pin=R28-1
Added Pin To Net: NetName=NetP4_5 Pin=R30-1
Added Net: Name=NetP4_5
Added Pin To Net: NetName=NetQ1_1 Pin=Q1-1
Added Pin To Net: NetName=NetQ1_1 Pin=R29-2
Added Net: Name=NetQ1_1
Added Pin To Net: NetName=NetR22_2 Pin=R22-2
Added Pin To Net: NetName=NetR22_2 Pin=S1-4
Added Net: Name=NetR22_2
Added Pin To Net: NetName=NetR25_2 Pin=R25-2
Added Pin To Net: NetName=NetR25_2 Pin=USB1-4
Added Net: Name=NetR25_2
Added Pin To Net: NetName=NetU5_14 Pin=U5-14
Added Pin To Net: NetName=NetU5_14 Pin=Y1-2
Added Pin To Net: NetName=NetU5_14 Pin=Y1-2
Added Net: Name=NetU5_14
Added Pin To Net: NetName=NetU5_15 Pin=U5-15
Added Pin To Net: NetName=NetU5_15 Pin=Y1-1
Added Pin To Net: NetName=NetU5_15 Pin=Y1-1
Added Net: Name=NetU5_15
Added Pin To Net: NetName=RDB Pin=U5-20
Added Net: Name=RDB
Added Pin To Net: NetName=RS Pin=P4-9
Added Pin To Net: NetName=RS Pin=U5-18
Added Net: Name=RS
Added Pin To Net: NetName=RTCVDD Pin=C18-2
Added Pin To Net: NetName=RTCVDD Pin=U5-4
Added Net: Name=RTCVDD
Added Pin To Net: NetName=S1 Pin=S1-1
Added Pin To Net: NetName=S1 Pin=U5-44
Added Net: Name=S1
Added Pin To Net: NetName=S2 Pin=S1-3
Added Pin To Net: NetName=S2 Pin=U5-43
Added Net: Name=S2
Added Pin To Net: NetName=USBDM Pin=U5-23
Added Pin To Net: NetName=USBDM Pin=USB1-3
Added Net: Name=USBDM
Added Pin To Net: NetName=USBDP Pin=U5-24
Added Pin To Net: NetName=USBDP Pin=USB1-2
Added Net: Name=USBDP
Added Pin To Net: NetName=VCC5V Pin=R15-1
Added Pin To Net: NetName=VCC5V Pin=R25-1
Added Net: Name=VCC5V
Added Pin To Net: NetName=VCC12V Pin=C22-1
Added Pin To Net: NetName=VCC12V Pin=C23-1
Added Pin To Net: NetName=VCC12V Pin=C24-1
Added Pin To Net: NetName=VCC12V Pin=C40-1
Added Pin To Net: NetName=VCC12V Pin=C41-1
Added Pin To Net: NetName=VCC12V Pin=C42-1
Added Pin To Net: NetName=VCC12V Pin=U6-9
Added Pin To Net: NetName=VCC12V Pin=U6-16
Added Net: Name=VCC12V
Added Pin To Net: NetName=VCOM Pin=C14-1
Added Pin To Net: NetName=VCOM Pin=U5-37
Added Net: Name=VCOM
Added Pin To Net: NetName=VMCU Pin=C16-2
Added Pin To Net: NetName=VMCU Pin=R15-2
Added Pin To Net: NetName=VMCU Pin=U5-2
Added Net: Name=VMCU
Added Pin To Net: NetName=WRB Pin=U5-19
Added Net: Name=WRB
Added Class: Name=BLE主控原理图
Added Class: Name=功放原理图
Added Room: Name=BLE主控原理图
Added Room: Name=LED原理图
Added Room: Name=功放原理图
